\BOOKMARK [1][-]{section.1}{\376\377\000I\000n\000t\000r\000o\000d\000u\000c\000e\000r\000e}{}% 1
\BOOKMARK [1][-]{section.2}{\376\377\000A\000r\000h\000i\000t\000e\000c\000t\000u\000r\000a\000\040\000S\000i\000s\000t\000e\000m\000u\000l\000u\000i\000\040\002\031\000i\000\040\000T\000e\000h\000n\000o\000l\000o\000g\000i\000i}{}% 2
\BOOKMARK [2][-]{subsection.2.1}{\376\377\000A\000r\000h\000i\000t\000e\000c\000t\000u\000r\000a\000\040\000C\000l\000i\000e\000n\000t\000-\000S\000e\000r\000v\000e\000r}{section.2}% 3
\BOOKMARK [2][-]{subsection.2.2}{\376\377\000P\000r\000o\000t\000o\000c\000o\000l\000u\000l\000\040\000H\000T\000T\000P\000\040\002\031\000i\000\040\000M\000e\000t\000o\000d\000e\000l\000e\000\040\000R\000E\000S\000T\000f\000u\000l}{section.2}% 4
\BOOKMARK [2][-]{subsection.2.3}{\376\377\000J\000S\000O\000N\000\040\040\024\000\040\000F\000o\000r\000m\000a\000t\000u\000l\000\040\000d\000e\000\040\000S\000c\000h\000i\000m\000b\000\040\000d\000e\000\040\000D\000a\000t\000e}{section.2}% 5
\BOOKMARK [2][-]{subsection.2.4}{\376\377\000M\000o\000d\000e\000l\000u\000l\000\040\000d\000e\000\040\000D\000a\000t\000e\000\040\000R\000e\000l\000a\002\033\000i\000o\000n\000a\000l}{section.2}% 6
\BOOKMARK [2][-]{subsection.2.5}{\376\377\000P\000r\000o\000g\000r\000a\000m\000a\000r\000e\000a\000\040\000R\000e\000a\000c\000t\000i\000v\001\003\000\040\002\031\000i\000\040\000O\000b\000s\000e\000r\000v\000a\000b\000l\000e\000s}{section.2}% 7
\BOOKMARK [2][-]{subsection.2.6}{\376\377\000I\000n\000j\000e\000c\000t\000a\000r\000e\000a\000\040\000d\000e\000p\000e\000n\000d\000e\000n\002\033\000e\000l\000o\000r}{section.2}% 8
\BOOKMARK [1][-]{section.3}{\376\377\000A\000r\000h\000i\000t\000e\000c\000t\000u\000r\000a\000\040\000A\000p\000l\000i\000c\000a\002\033\000i\000i\000l\000o\000r\000\040\000S\000P\000A\000\040\002\031\000i\000\040\000A\000P\000I\000-\000u\000r\000i\000\040\000R\000E\000S\000T\000f\000u\000l}{}% 9
\BOOKMARK [2][-]{subsection.3.1}{\376\377\000C\000o\000n\000c\000e\000p\000t\000e\000\040\000S\000P\000A\000\040\002\031\000i\000\040\000A\000v\000a\000n\000t\000a\000j\000e\000\040\000\356\000n\000\040\000C\000o\000n\000t\000e\000x\000t\000u\000l\000\040\000A\000c\000t\000u\000a\000l}{section.3}% 10
\BOOKMARK [2][-]{subsection.3.2}{\376\377\000A\000P\000I\000-\000u\000r\000i\000\040\000R\000E\000S\000T\000f\000u\000l}{section.3}% 11
\BOOKMARK [1][-]{section.4}{\376\377\000P\000r\000o\000i\000e\000c\000t\000a\000r\000e\000\040\002\031\000i\000\040\000I\000m\000p\000l\000e\000m\000e\000n\000t\000a\000r\000e}{}% 12
\BOOKMARK [2][-]{subsection.4.1}{\376\377\000F\000r\000a\000m\000e\000w\000o\000r\000k\000\040\000A\000n\000g\000u\000l\000a\000r\000\040\0001\0009\000\040\040\024\000\040\000I\000m\000p\000l\000e\000m\000e\000n\000t\000a\000r\000e}{section.4}% 13
\BOOKMARK [2][-]{subsection.4.2}{\376\377\000C\000o\000m\000p\000o\000n\000e\000n\000t\000e\000\040\002\031\000i\000\040\000S\000e\000r\000v\000i\000c\000i\000i}{section.4}% 14
\BOOKMARK [2][-]{subsection.4.3}{\376\377\000R\000u\000t\000a\000r\000e\000\040\002\031\000i\000\040\000M\000a\000n\000a\000g\000e\000m\000e\000n\000t\000u\000l\000\040\000S\000t\001\003\000r\000i\000i}{section.4}% 15
\BOOKMARK [2][-]{subsection.4.4}{\376\377\000A\000r\000h\000i\000t\000e\000c\000t\000u\000r\000a\000\040\000B\000a\000c\000k\000e\000n\000d}{section.4}% 16
\BOOKMARK [2][-]{subsection.4.5}{\376\377\000S\000c\000h\000e\000m\000a\000\040\000B\000a\000z\000e\000i\000\040\000d\000e\000\040\000D\000a\000t\000e}{section.4}% 17
\BOOKMARK [2][-]{subsection.4.6}{\376\377\000R\000e\000l\000a\002\033\000i\000i\000\040\000\356\000n\000t\000r\000e\000\040\000T\000a\000b\000e\000l\000e}{section.4}% 18
\BOOKMARK [2][-]{subsection.4.7}{\376\377\000I\000n\000t\000e\000r\000f\000a\002\033\000a\000\040\000U\000t\000i\000l\000i\000z\000a\000t\000o\000r\000\040\002\031\000i\000\040\000F\000u\000n\000c\002\033\000i\000o\000n\000a\000l\000i\000t\001\003\002\033\000i}{section.4}% 19
\BOOKMARK [3][-]{subsubsection.4.7.1}{\376\377\000A\000u\000t\000e\000n\000t\000i\000f\000i\000c\000a\000r\000e\000\040\002\031\000i\000\040\000S\000e\000c\000u\000r\000i\000t\000a\000t\000e}{subsection.4.7}% 20
\BOOKMARK [3][-]{subsubsection.4.7.2}{\376\377\000M\000o\000n\000i\000t\000o\000r\000i\000z\000a\000r\000e\000\040\000P\000r\000e\000z\000e\000n\002\033\000e\000\040\040\024\000\040\000S\000i\000t\000u\000a\002\033\000i\000e\000\040\000G\000e\000n\000e\000r\000a\000l\001\003}{subsection.4.7}% 21
\BOOKMARK [3][-]{subsubsection.4.7.3}{\376\377\000M\000o\000n\000i\000t\000o\000r\000i\000z\000a\000r\000e\000\040\000P\000r\000e\000z\000e\000n\002\033\000e\000\040\040\024\000\040\000L\000i\000s\000t\000a\000\040\000C\000r\000o\000n\000o\000l\000o\000g\000i\000c\001\003}{subsection.4.7}% 22
\BOOKMARK [3][-]{subsubsection.4.7.4}{\376\377\000I\000n\000t\000e\000r\000f\000a\002\033\000a\000\040\000P\000r\000o\000f\000e\000s\000o\000r\000\040\040\024\000\040\000C\000r\000e\000a\000r\000e\000\040\000S\000e\000s\000i\000u\000n\000e\000\040\000L\000a\000b\000o\000r\000a\000t\000o\000r}{subsection.4.7}% 23
\BOOKMARK [3][-]{subsubsection.4.7.5}{\376\377\000I\000n\000t\000e\000r\000f\000a\002\033\000a\000\040\000P\000r\000o\000f\000e\000s\000o\000r\000\040\040\024\000\040\000L\000i\000s\000t\000a\000\040\000S\000t\000u\000d\000e\000n\002\033\000i}{subsection.4.7}% 24
\BOOKMARK [1][-]{section.5}{\376\377\000D\000i\000r\000e\000c\002\033\000i\000i\000\040\000d\000e\000\040\000D\000e\000z\000v\000o\000l\000t\000a\000r\000e}{}% 25
\BOOKMARK [2][-]{subsection.5.1}{\376\377\000P\000l\000a\000n\000u\000l\000\040\000p\000e\000n\000t\000r\000u\000\040\000S\000e\000m\000e\000s\000t\000r\000u\000l\000\040\000I\000I}{section.5}% 26
\BOOKMARK [1][-]{section*.1}{\376\377\000B\000i\000b\000l\000i\000o\000g\000r\000a\000f\000i\000e}{}% 27
