\BOOKMARK [0][-]{chapter*.4}{\376\377\000M\000o\000t\000i\000v\000a\002\033\000i\000e}{}% 1
\BOOKMARK [0][-]{chapter*.5}{\376\377\000I\000n\000t\000r\000o\000d\000u\000c\000e\000r\000e}{}% 2
\BOOKMARK [0][-]{chapter.1}{\376\377\000T\000e\000h\000n\000o\000l\000o\000g\000i\000i\000\040\000f\000o\000l\000o\000s\000i\000t\000e}{}% 3
\BOOKMARK [1][-]{section.1.1}{\376\377\000A\000n\000g\000u\000l\000a\000r}{chapter.1}% 4
\BOOKMARK [2][-]{subsection.1.1.1}{\376\377\000P\000r\000e\000z\000e\000n\000t\000a\000r\000e\000\040\000g\000e\000n\000e\000r\000a\000l\001\003\000\040\040\023\000\040\000S\000i\000n\000g\000l\000e\000\040\000P\000a\000g\000e\000\040\000A\000p\000p\000l\000i\000c\000a\000t\000i\000o\000n}{section.1.1}% 5
\BOOKMARK [2][-]{subsection.1.1.2}{\376\377\000A\000n\000g\000u\000l\000a\000r\000\040\000C\000o\000m\000m\000a\000n\000d\000\040\000L\000i\000n\000e\000\040\000I\000n\000t\000e\000r\000f\000a\000c\000e\000\040\040\023\000\040\000c\000o\000m\000e\000n\000z\000i\000\040\000n\000g}{section.1.1}% 6
\BOOKMARK [3][-]{subsubsection.1.1.2.1}{\376\377\000n\000g\000\040\000n\000e\000w\000\040\040\023\000\040\000i\000n\000i\002\033\000i\000a\000l\000i\000z\000a\000r\000e\000a\000\040\000p\000r\000o\000i\000e\000c\000t\000u\000l\000u\000i}{subsection.1.1.2}% 7
\BOOKMARK [3][-]{subsubsection.1.1.2.2}{\376\377\000n\000g\000\040\000s\000e\000r\000v\000e\000\040\040\023\000\040\000r\000u\000l\000a\000r\000e\000a\000\040\000\356\000n\000\040\000d\000e\000z\000v\000o\000l\000t\000a\000r\000e}{subsection.1.1.2}% 8
\BOOKMARK [3][-]{subsubsection.1.1.2.3}{\376\377\000n\000g\000\040\000b\000u\000i\000l\000d\000\040\040\023\000\040\000c\000o\000m\000p\000i\000l\000a\000r\000e\000a\000\040\000p\000e\000n\000t\000r\000u\000\040\000p\000r\000o\000d\000u\000c\002\033\000i\000e}{subsection.1.1.2}% 9
\BOOKMARK [3][-]{subsubsection.1.1.2.4}{\376\377\000n\000g\000\040\000g\000e\000n\000e\000r\000a\000t\000e\000\040\040\023\000\040\000g\000e\000n\000e\000r\000a\000r\000e\000a\000\040\000d\000e\000\040\000c\000o\000m\000p\000o\000n\000e\000n\000t\000e\000\040\002\031\000i\000\040\000s\000e\000r\000v\000i\000c\000i\000i}{subsection.1.1.2}% 10
\BOOKMARK [3][-]{subsubsection.1.1.2.5}{\376\377\000n\000g\000\040\000a\000d\000d\000\040\040\023\000\040\000i\000n\000t\000e\000g\000r\000a\000r\000e\000a\000\040\000b\000i\000b\000l\000i\000o\000t\000e\000c\000i\000l\000o\000r}{subsection.1.1.2}% 11
\BOOKMARK [3][-]{subsubsection.1.1.2.6}{\376\377\000n\000g\000\040\000t\000e\000s\000t\000\040\040\023\000\040\000t\000e\000s\000t\000a\000r\000e\000a\000\040\000a\000u\000t\000o\000m\000a\000t\001\003}{subsection.1.1.2}% 12
\BOOKMARK [2][-]{subsection.1.1.3}{\376\377\000D\000i\000r\000e\000c\000t\000i\000v\000e\000\040\040\023\000\040\000f\000o\000l\000o\000s\000i\000t\000e\000\040\000p\000e\000n\000t\000r\000u\000\040\000a\000f\000i\002\031\000a\000r\000e\000\040\000c\000o\000n\000d\000i\002\033\000i\000o\000n\000a\000t\001\003}{section.1.1}% 13
\BOOKMARK [3][-]{subsubsection.1.1.3.1}{\376\377\0001\000.\000\040\000C\000o\000m\000p\000o\000n\000e\000n\000t\000e\000\040\000\050\000d\000i\000r\000e\000c\000t\000i\000v\000e\000\040\000c\000u\000\040\002\031\000a\000b\000l\000o\000n\000\040\000p\000r\000o\000p\000r\000i\000u\000\051}{subsection.1.1.3}% 14
\BOOKMARK [3][-]{subsubsection.1.1.3.2}{\376\377\0002\000.\000\040\000D\000i\000r\000e\000c\000t\000i\000v\000e\000\040\000d\000e\000\040\000a\000t\000r\000i\000b\000u\000t}{subsection.1.1.3}% 15
\BOOKMARK [3][-]{subsubsection.1.1.3.3}{\376\377\0003\000.\000\040\000D\000i\000r\000e\000c\000t\000i\000v\000e\000\040\000s\000t\000r\000u\000c\000t\000u\000r\000a\000l\000e}{subsection.1.1.3}% 16
\BOOKMARK [2][-]{subsection.1.1.4}{\376\377\000A\000r\000h\000i\000t\000e\000c\000t\000u\000r\000a\000\040\000p\000e\000\040\000c\000o\000m\000p\000o\000n\000e\000n\000t\000e}{section.1.1}% 17
\BOOKMARK [2][-]{subsection.1.1.5}{\376\377\000R\000u\000t\000a\000r\000e}{section.1.1}% 18
\BOOKMARK [2][-]{subsection.1.1.6}{\376\377\000F\000o\000r\000m\000u\000l\000a\000r\000e}{section.1.1}% 19
\BOOKMARK [2][-]{subsection.1.1.7}{\376\377\000S\000e\000r\000v\000i\000c\000i\000i\000\040\000i\000n\000j\000e\000c\000t\000a\000b\000i\000l\000e}{section.1.1}% 20
\BOOKMARK [2][-]{subsection.1.1.8}{\376\377\000R\000x\000J\000S\000\040\040\023\000\040\000p\000e\000n\000t\000r\000u\000\040\000g\000e\000s\000t\000i\000o\000n\000a\000r\000e\000\040\000e\000v\000e\000n\000i\000m\000e\000n\000t\000e}{section.1.1}% 21
\BOOKMARK [2][-]{subsection.1.1.9}{\376\377\000I\000n\000t\000e\000r\000c\000e\000p\000t\000o\000r}{section.1.1}% 22
\BOOKMARK [2][-]{subsection.1.1.10}{\376\377\000U\000I\000\040\040\023\000\040\000A\000n\000g\000u\000l\000a\000r\000\040\000M\000a\000t\000e\000r\000i\000a\000l\000\040\000+\000\040\000B\000o\000o\000t\000s\000t\000r\000a\000p\000\040\000+\000\040\000I\000c\000o\000n\000s}{section.1.1}% 23
\BOOKMARK [1][-]{section.1.2}{\376\377\000M\000o\000d\000e\000l\000u\000l\000\040\000C\000l\000i\000e\000n\000t\000-\000S\000e\000r\000v\000e\000r}{chapter.1}% 24
\BOOKMARK [2][-]{subsection.1.2.1}{\376\377\000P\000r\000o\000t\000o\000c\000o\000l\000u\000l\000\040\000H\000T\000T\000P}{section.1.2}% 25
\BOOKMARK [2][-]{subsection.1.2.2}{\376\377\000J\000S\000O\000N}{section.1.2}% 26
\BOOKMARK [1][-]{section.1.3}{\376\377\000P\000H\000P}{chapter.1}% 27
\BOOKMARK [2][-]{subsection.1.3.1}{\376\377\000C\000o\000n\000e\000c\000t\000a\000r\000e\000a\000\040\000l\000a\000\040\000b\000a\000z\000a\000\040\000d\000e\000\040\000d\000a\000t\000e}{section.1.3}% 28
\BOOKMARK [2][-]{subsection.1.3.2}{\376\377\000A\000u\000t\000e\000n\000t\000i\000f\000i\000c\000a\000r\000e}{section.1.3}% 29
\BOOKMARK [3][-]{subsubsection.1.3.2.1}{\376\377\000J\000W\000T}{subsection.1.3.2}% 30
\BOOKMARK [3][-]{subsubsection.1.3.2.2}{\376\377\000V\000a\000l\000i\000d\000a\000r\000e}{subsection.1.3.2}% 31
\BOOKMARK [2][-]{subsection.1.3.3}{\376\377\000S\000t\000r\000u\000c\000t\000u\000r\000a\000\040\000f\000i\002\031\000i\000e\000r\000e\000\040\000p\000e\000n\000t\000r\000u\000\040\000A\000P\000I}{section.1.3}% 32
\BOOKMARK [2][-]{subsection.1.3.4}{\376\377\000S\000t\000o\000c\000a\000r\000e\000\040\000f\000i\002\031\000i\000e\000r\000e}{section.1.3}% 33
\BOOKMARK [1][-]{section.1.4}{\376\377\000M\000y\000S\000Q\000L}{chapter.1}% 34
\BOOKMARK [2][-]{subsection.1.4.1}{\376\377\000D\000i\000a\000g\000r\000a\000m\000a\000\040\000E\000R}{section.1.4}% 35
\BOOKMARK [1][-]{section.1.5}{\376\377\000G\000i\000t}{chapter.1}% 36
\BOOKMARK [0][-]{chapter*.9}{\376\377\000B\000i\000b\000l\000i\000o\000g\000r\000a\000f\000i\000e}{}% 37
